2026.05.16 22:15:17 WARN  Using H2 2.4.240 which is newer than the version Flyway has been verified with. The latest verified version of H2 is 2.3.232.
2026.05.16 22:15:17 WARN  no build tool detected in workspace 'D:\Bussines\Assignments\BSReddy\Documents-main\Documents-main'. The most common cause for this problem is that the editor was opened in the wrong working directory, for example if you use sbt then the workspace directory should contain build.sbt. 
2026.05.16 22:15:17 WARN  Build server is not auto-connectable.
2026.05.16 22:15:17 WARN  no build target for: D:\Bussines\Assignments\BSReddy\Documents-main\Documents-main\team3di-springbootbackendtest_v2\team3di-springbootbackendtest_v2\src\main\java\com\banking\three_di_testing\controller\AccountRestController.java
2026.05.16 22:15:17 WARN  no build target for: D:\Bussines\Assignments\BSReddy\Documents-main\Documents-main\team3di-springbootbackendtest_v2\team3di-springbootbackendtest_v2\src\main\java\com\banking\three_di_testing\controller\TransactionRestController.java
2026.05.16 22:15:17 WARN  no build target for: D:\Bussines\Assignments\BSReddy\Documents-main\Documents-main\team3di-springbootbackendtest_v2\team3di-springbootbackendtest_v2\src\main\java\com\banking\three_di_testing\utils\InputValidator.java
2026.05.16 22:15:17 WARN  no build target for: D:\Bussines\Assignments\BSReddy\Documents-main\Documents-main\team3di-springbootbackendtest_v2\team3di-springbootbackendtest_v2\src\main\java\com\banking\three_di_testing\services\TransactionService.java
2026.05.16 22:15:17 WARN  no build target for: D:\Bussines\Assignments\BSReddy\Documents-main\Documents-main\team3di-springbootbackendtest_v2\team3di-springbootbackendtest_v2\src\main\java\com\banking\three_di_testing\services\AccountService.java
2026.05.16 22:15:17 WARN  no build target for: D:\Bussines\Assignments\BSReddy\Documents-main\Documents-main\team3di-springbootbackendtest_v2\team3di-springbootbackendtest_v2\src\main\java\com\banking\three_di_testing\models\Transaction.java
2026.05.16 22:15:17 WARN  no build target for: D:\Bussines\Assignments\BSReddy\Documents-main\Documents-main\team3di-springbootbackendtest_v2\team3di-springbootbackendtest_v2\src\main\java\com\banking\three_di_testing\models\Account.java
2026.05.16 22:15:17 WARN  no build target for: D:\Bussines\Assignments\BSReddy\Documents-main\Documents-main\team3di-springbootbackendtest_v2\team3di-springbootbackendtest_v2\src\main\java\com\banking\three_di_testing\utils\AccountInput.java
2026.05.16 22:15:17 WARN  no build target for: D:\Bussines\Assignments\BSReddy\Documents-main\Documents-main\team3di-springbootbackendtest_v2\team3di-springbootbackendtest_v2\src\main\java\com\banking\three_di_testing\repositories\TransactionRepository.java
2026.05.16 22:15:22 WARN  no build target for: D:\Bussines\Assignments\BSReddy\Documents-main\Documents-main\team3di-springbootbackendtest_v2\team3di-springbootbackendtest_v2\src\main\java\com\banking\three_di_testing\repositories\AccountRepository.java
2026.05.16 22:17:43 INFO  no build target found for D:\Bussines\Assignments\BSReddy\Documents-main\Documents-main\team3di-springbootbackendtest_v2\team3di-springbootbackendtest_v2\src\main\java\com\banking\three_di_testing\controller\AccountRestController.java. Using fallback presentation compiler.
2026.05.16 22:17:44 INFO  no build target found for D:\Bussines\Assignments\BSReddy\Documents-main\Documents-main\team3di-springbootbackendtest_v2\team3di-springbootbackendtest_v2\src\main\java\com\banking\three_di_testing\controller\TransactionRestController.java. Using fallback presentation compiler.
2026.05.16 22:17:44 INFO  no build target found for D:\Bussines\Assignments\BSReddy\Documents-main\Documents-main\team3di-springbootbackendtest_v2\team3di-springbootbackendtest_v2\src\main\java\com\banking\three_di_testing\models\Account.java. Using fallback presentation compiler.
2026.05.16 22:17:44 INFO  no build target found for D:\Bussines\Assignments\BSReddy\Documents-main\Documents-main\team3di-springbootbackendtest_v2\team3di-springbootbackendtest_v2\src\main\java\com\banking\three_di_testing\models\Transaction.java. Using fallback presentation compiler.
2026.05.16 22:17:44 INFO  no build target found for D:\Bussines\Assignments\BSReddy\Documents-main\Documents-main\team3di-springbootbackendtest_v2\team3di-springbootbackendtest_v2\src\main\java\com\banking\three_di_testing\repositories\AccountRepository.java. Using fallback presentation compiler.
2026.05.16 22:17:44 INFO  no build target found for D:\Bussines\Assignments\BSReddy\Documents-main\Documents-main\team3di-springbootbackendtest_v2\team3di-springbootbackendtest_v2\src\main\java\com\banking\three_di_testing\repositories\TransactionRepository.java. Using fallback presentation compiler.
2026.05.16 22:17:44 INFO  no build target found for D:\Bussines\Assignments\BSReddy\Documents-main\Documents-main\team3di-springbootbackendtest_v2\team3di-springbootbackendtest_v2\src\main\java\com\banking\three_di_testing\services\AccountService.java. Using fallback presentation compiler.
2026.05.16 22:17:44 INFO  no build target found for D:\Bussines\Assignments\BSReddy\Documents-main\Documents-main\team3di-springbootbackendtest_v2\team3di-springbootbackendtest_v2\src\main\java\com\banking\three_di_testing\services\TransactionService.java. Using fallback presentation compiler.
2026.05.16 22:17:44 INFO  no build target found for D:\Bussines\Assignments\BSReddy\Documents-main\Documents-main\team3di-springbootbackendtest_v2\team3di-springbootbackendtest_v2\src\main\java\com\banking\three_di_testing\controller\AccountRestController.java. Using fallback presentation compiler.
2026.05.16 22:17:44 INFO  no build target found for D:\Bussines\Assignments\BSReddy\Documents-main\Documents-main\team3di-springbootbackendtest_v2\team3di-springbootbackendtest_v2\src\main\java\com\banking\three_di_testing\controller\AccountRestController.java. Using fallback presentation compiler.
2026.05.16 22:17:44 INFO  no build target found for D:\Bussines\Assignments\BSReddy\Documents-main\Documents-main\team3di-springbootbackendtest_v2\team3di-springbootbackendtest_v2\src\main\java\com\banking\three_di_testing\controller\AccountRestController.java. Using fallback presentation compiler.
2026.05.16 22:17:44 INFO  no build target found for D:\Bussines\Assignments\BSReddy\Documents-main\Documents-main\team3di-springbootbackendtest_v2\team3di-springbootbackendtest_v2\src\main\java\com\banking\three_di_testing\utils\AccountInput.java. Using fallback presentation compiler.
2026.05.16 22:17:44 INFO  no build target found for D:\Bussines\Assignments\BSReddy\Documents-main\Documents-main\team3di-springbootbackendtest_v2\team3di-springbootbackendtest_v2\src\main\java\com\banking\three_di_testing\controller\AccountRestController.java. Using fallback presentation compiler.
2026.05.16 22:17:44 INFO  no build target found for D:\Bussines\Assignments\BSReddy\Documents-main\Documents-main\team3di-springbootbackendtest_v2\team3di-springbootbackendtest_v2\src\main\java\com\banking\three_di_testing\controller\TransactionRestController.java. Using fallback presentation compiler.
2026.05.16 22:17:44 INFO  no build target found for D:\Bussines\Assignments\BSReddy\Documents-main\Documents-main\team3di-springbootbackendtest_v2\team3di-springbootbackendtest_v2\src\main\java\com\banking\three_di_testing\controller\TransactionRestController.java. Using fallback presentation compiler.
2026.05.16 22:17:44 INFO  no build target found for D:\Bussines\Assignments\BSReddy\Documents-main\Documents-main\team3di-springbootbackendtest_v2\team3di-springbootbackendtest_v2\src\main\java\com\banking\three_di_testing\services\AccountService.java. Using fallback presentation compiler.
2026.05.16 22:17:44 INFO  no build target found for D:\Bussines\Assignments\BSReddy\Documents-main\Documents-main\team3di-springbootbackendtest_v2\team3di-springbootbackendtest_v2\src\main\java\com\banking\three_di_testing\models\Account.java. Using fallback presentation compiler.
2026.05.16 22:17:45 INFO  no build target found for D:\Bussines\Assignments\BSReddy\Documents-main\Documents-main\team3di-springbootbackendtest_v2\team3di-springbootbackendtest_v2\src\main\java\com\banking\three_di_testing\services\TransactionService.java. Using fallback presentation compiler.
2026.05.16 22:17:44 INFO  no build target found for D:\Bussines\Assignments\BSReddy\Documents-main\Documents-main\team3di-springbootbackendtest_v2\team3di-springbootbackendtest_v2\src\main\java\com\banking\three_di_testing\models\Transaction.java. Using fallback presentation compiler.
2026.05.16 22:17:44 INFO  no build target found for D:\Bussines\Assignments\BSReddy\Documents-main\Documents-main\team3di-springbootbackendtest_v2\team3di-springbootbackendtest_v2\src\main\java\com\banking\three_di_testing\utils\AccountInput.java. Using fallback presentation compiler.
2026.05.16 22:17:45 INFO  no build target found for D:\Bussines\Assignments\BSReddy\Documents-main\Documents-main\team3di-springbootbackendtest_v2\team3di-springbootbackendtest_v2\src\main\java\com\banking\three_di_testing\repositories\AccountRepository.java. Using fallback presentation compiler.
2026.05.16 22:17:44 INFO  no build target found for D:\Bussines\Assignments\BSReddy\Documents-main\Documents-main\team3di-springbootbackendtest_v2\team3di-springbootbackendtest_v2\src\main\java\com\banking\three_di_testing\utils\InputValidator.java. Using fallback presentation compiler.
2026.05.16 22:17:44 INFO  Created report: Optional[file:///D:/Bussines/Assignments/BSReddy/Documents-main/Documents-main/team3di-springbootbackendtest_v2/team3di-springbootbackendtest_v2/src/main/java/com/banking/three_di_testing/utils/AccountInput.java]
2026.05.16 22:17:44 INFO  empty definition using pc, found symbol in pc: javax/validation/constraints/NotBlank# (full report at: "D:\Bussines\Assignments\BSReddy\Documents-main\Documents-main\.metals\.reports\metals-full\2026-05-16\r_empty-definition_22-17-45-359.md")
2026.05.16 22:17:44 INFO  no build target found for D:\Bussines\Assignments\BSReddy\Documents-main\Documents-main\team3di-springbootbackendtest_v2\team3di-springbootbackendtest_v2\src\main\java\com\banking\three_di_testing\repositories\TransactionRepository.java. Using fallback presentation compiler.
2026.05.16 22:17:45 INFO  Created report: Optional[file:///D:/Bussines/Assignments/BSReddy/Documents-main/Documents-main/team3di-springbootbackendtest_v2/team3di-springbootbackendtest_v2/src/main/java/com/banking/three_di_testing/controller/AccountRestController.java]
2026.05.16 22:17:45 INFO  empty definition using pc, found symbol in pc: com/banking/three_di_testing/utils/InputValidator# (full report at: "D:\Bussines\Assignments\BSReddy\Documents-main\Documents-main\.metals\.reports\metals-full\2026-05-16\r_empty-definition_22-17-45-451.md")
2026.05.16 22:17:45 INFO  no build target found for D:\Bussines\Assignments\BSReddy\Documents-main\Documents-main\team3di-springbootbackendtest_v2\team3di-springbootbackendtest_v2\src\main\java\com\banking\three_di_testing\services\AccountService.java. Using fallback presentation compiler.
2026.05.16 22:17:45 INFO  no build target found for D:\Bussines\Assignments\BSReddy\Documents-main\Documents-main\team3di-springbootbackendtest_v2\team3di-springbootbackendtest_v2\src\main\java\com\banking\three_di_testing\services\TransactionService.java. Using fallback presentation compiler.
2026.05.16 22:17:45 INFO  no build target found for D:\Bussines\Assignments\BSReddy\Documents-main\Documents-main\team3di-springbootbackendtest_v2\team3di-springbootbackendtest_v2\src\main\java\com\banking\three_di_testing\controller\TransactionRestController.java. Using fallback presentation compiler.
2026.05.16 22:17:45 INFO  no build target found for D:\Bussines\Assignments\BSReddy\Documents-main\Documents-main\team3di-springbootbackendtest_v2\team3di-springbootbackendtest_v2\src\main\java\com\banking\three_di_testing\services\TransactionService.java. Using fallback presentation compiler.
2026.05.16 22:17:45 INFO  no build target found for D:\Bussines\Assignments\BSReddy\Documents-main\Documents-main\team3di-springbootbackendtest_v2\team3di-springbootbackendtest_v2\src\main\java\com\banking\three_di_testing\repositories\TransactionRepository.java. Using fallback presentation compiler.
2026.05.16 22:17:45 INFO  no build target found for D:\Bussines\Assignments\BSReddy\Documents-main\Documents-main\team3di-springbootbackendtest_v2\team3di-springbootbackendtest_v2\src\main\java\com\banking\three_di_testing\models\Transaction.java. Using fallback presentation compiler.
2026.05.16 22:17:45 INFO  no build target found for D:\Bussines\Assignments\BSReddy\Documents-main\Documents-main\team3di-springbootbackendtest_v2\team3di-springbootbackendtest_v2\src\main\java\com\banking\three_di_testing\models\Account.java. Using fallback presentation compiler.
2026.05.16 22:17:47 INFO  no build target found for D:\Bussines\Assignments\BSReddy\Documents-main\Documents-main\team3di-springbootbackendtest_v2\team3di-springbootbackendtest_v2\src\main\java\com\banking\three_di_testing\controller\AccountRestController.java. Using fallback presentation compiler.
2026.05.16 22:17:47 INFO  no build target found for D:\Bussines\Assignments\BSReddy\Documents-main\Documents-main\team3di-springbootbackendtest_v2\team3di-springbootbackendtest_v2\src\main\java\com\banking\three_di_testing\controller\AccountRestController.java. Using fallback presentation compiler.
2026.05.16 22:17:47 WARN  no build target for: D:\Bussines\Assignments\BSReddy\Documents-main\Documents-main\team3di-springbootbackendtest_v2\team3di-springbootbackendtest_v2\src\main\java\com\banking\three_di_testing\controller\TransactionRestController.java
2026.05.16 22:17:47 INFO  no build target found for D:\Bussines\Assignments\BSReddy\Documents-main\Documents-main\team3di-springbootbackendtest_v2\team3di-springbootbackendtest_v2\src\main\java\com\banking\three_di_testing\controller\TransactionRestController.java. Using fallback presentation compiler.
2026.05.16 22:17:47 INFO  empty definition using pc, found symbol in pc: _empty_/RequestBody# (full report at: "D:\Bussines\Assignments\BSReddy\Documents-main\Documents-main\.metals\.reports\metals-full\2026-05-16\r_empty-definition_22-17-47-759.md")
2026.05.16 22:17:47 INFO  Created report: Optional[file:///D:/Bussines/Assignments/BSReddy/Documents-main/Documents-main/team3di-springbootbackendtest_v2/team3di-springbootbackendtest_v2/src/main/java/com/banking/three_di_testing/controller/AccountRestController.java]
2026.05.16 22:17:47 INFO  empty definition using pc, found symbol in pc: _empty_/RequestBody# (full report at: "D:\Bussines\Assignments\BSReddy\Documents-main\Documents-main\.metals\.reports\metals-full\2026-05-16\r_empty-definition_22-17-47-759.md")
2026.05.16 22:17:47 INFO  no build target found for D:\Bussines\Assignments\BSReddy\Documents-main\Documents-main\team3di-springbootbackendtest_v2\team3di-springbootbackendtest_v2\src\main\java\com\banking\three_di_testing\controller\TransactionRestController.java. Using fallback presentation compiler.
2026.05.16 22:17:47 INFO  no build target found for /org/springframework/web/bind/annotation/RequestBody.java. Using fallback presentation compiler.
2026.05.16 22:17:49 INFO  no build target found for D:\Bussines\Assignments\BSReddy\Documents-main\Documents-main\team3di-springbootbackendtest_v2\team3di-springbootbackendtest_v2\src\main\java\com\banking\three_di_testing\controller\AccountRestController.java. Using fallback presentation compiler.
2026.05.16 22:17:49 WARN  no build target for: D:\Bussines\Assignments\BSReddy\Documents-main\Documents-main\team3di-springbootbackendtest_v2\team3di-springbootbackendtest_v2\src\main\java\com\banking\three_di_testing\controller\TransactionRestController.java
2026.05.16 22:17:49 INFO  no build target found for D:\Bussines\Assignments\BSReddy\Documents-main\Documents-main\team3di-springbootbackendtest_v2\team3di-springbootbackendtest_v2\src\main\java\com\banking\three_di_testing\controller\TransactionRestController.java. Using fallback presentation compiler.
2026.05.16 22:17:49 INFO  no build target found for D:\Bussines\Assignments\BSReddy\Documents-main\Documents-main\team3di-springbootbackendtest_v2\team3di-springbootbackendtest_v2\src\main\java\com\banking\three_di_testing\repositories\AccountRepository.java. Using fallback presentation compiler.
2026.05.16 22:17:49 INFO  no build target found for D:\Bussines\Assignments\BSReddy\Documents-main\Documents-main\team3di-springbootbackendtest_v2\team3di-springbootbackendtest_v2\src\main\java\com\banking\three_di_testing\services\AccountService.java. Using fallback presentation compiler.
2026.05.16 22:17:49 INFO  Created report: Optional[file:///D:/Bussines/Assignments/BSReddy/Documents-main/Documents-main/team3di-springbootbackendtest_v2/team3di-springbootbackendtest_v2/src/main/java/com/banking/three_di_testing/controller/TransactionRestController.java]
2026.05.16 22:17:49 INFO  empty definition using pc, found symbol in pc: com/banking/three_di_testing/services/TransactionService# (full report at: "D:\Bussines\Assignments\BSReddy\Documents-main\Documents-main\.metals\.reports\metals-full\2026-05-16\r_empty-definition_22-17-49-199.md")
2026.05.16 22:17:49 INFO  no build target found for D:\Bussines\Assignments\BSReddy\Documents-main\Documents-main\team3di-springbootbackendtest_v2\team3di-springbootbackendtest_v2\src\main\java\com\banking\three_di_testing\controller\TransactionRestController.java. Using fallback presentation compiler.
2026.05.16 22:17:49 WARN  no build target for: D:\Bussines\Assignments\BSReddy\Documents-main\Documents-main\team3di-springbootbackendtest_v2\team3di-springbootbackendtest_v2\src\main\java\com\banking\three_di_testing\services\TransactionService.java
2026.05.16 22:17:49 INFO  no build target found for D:\Bussines\Assignments\BSReddy\Documents-main\Documents-main\team3di-springbootbackendtest_v2\team3di-springbootbackendtest_v2\src\main\java\com\banking\three_di_testing\utils\AccountInput.java. Using fallback presentation compiler.
2026.05.16 22:17:49 WARN  no build target for: D:\Bussines\Assignments\BSReddy\Documents-main\Documents-main\team3di-springbootbackendtest_v2\team3di-springbootbackendtest_v2\src\main\java\com\banking\three_di_testing\models\Account.java
2026.05.16 22:17:49 INFO  no build target found for D:\Bussines\Assignments\BSReddy\Documents-main\Documents-main\team3di-springbootbackendtest_v2\team3di-springbootbackendtest_v2\src\main\java\com\banking\three_di_testing\models\Account.java. Using fallback presentation compiler.
2026.05.16 22:17:49 INFO  no build target found for D:\Bussines\Assignments\BSReddy\Documents-main\Documents-main\team3di-springbootbackendtest_v2\team3di-springbootbackendtest_v2\src\main\java\com\banking\three_di_testing\services\TransactionService.java. Using fallback presentation compiler.
2026.05.16 22:17:49 INFO  no build target found for D:\Bussines\Assignments\BSReddy\Documents-main\Documents-main\team3di-springbootbackendtest_v2\team3di-springbootbackendtest_v2\src\main\java\com\banking\three_di_testing\models\Account.java. Using fallback presentation compiler.
2026.05.16 22:17:49 WARN  no build target for: D:\Bussines\Assignments\BSReddy\Documents-main\Documents-main\team3di-springbootbackendtest_v2\team3di-springbootbackendtest_v2\src\main\java\com\banking\three_di_testing\controller\TransactionRestController.java
2026.05.16 22:17:49 INFO  no build target found for D:\Bussines\Assignments\BSReddy\Documents-main\Documents-main\team3di-springbootbackendtest_v2\team3di-springbootbackendtest_v2\src\main\java\com\banking\three_di_testing\controller\TransactionRestController.java. Using fallback presentation compiler.
2026.05.16 22:17:49 INFO  no build target found for D:\Bussines\Assignments\BSReddy\Documents-main\Documents-main\team3di-springbootbackendtest_v2\team3di-springbootbackendtest_v2\src\main\java\com\banking\three_di_testing\controller\TransactionRestController.java. Using fallback presentation compiler.
2026.05.16 22:17:49 WARN  no build target for: D:\Bussines\Assignments\BSReddy\Documents-main\Documents-main\team3di-springbootbackendtest_v2\team3di-springbootbackendtest_v2\src\main\java\com\banking\three_di_testing\models\Transaction.java
2026.05.16 22:17:49 INFO  no build target found for D:\Bussines\Assignments\BSReddy\Documents-main\Documents-main\team3di-springbootbackendtest_v2\team3di-springbootbackendtest_v2\src\main\java\com\banking\three_di_testing\models\Transaction.java. Using fallback presentation compiler.
2026.05.16 22:17:49 INFO  no build target found for D:\Bussines\Assignments\BSReddy\Documents-main\Documents-main\team3di-springbootbackendtest_v2\team3di-springbootbackendtest_v2\src\main\java\com\banking\three_di_testing\models\Transaction.java. Using fallback presentation compiler.
2026.05.16 22:17:49 WARN  no build target for: D:\Bussines\Assignments\BSReddy\Documents-main\Documents-main\team3di-springbootbackendtest_v2\team3di-springbootbackendtest_v2\src\main\java\com\banking\three_di_testing\services\TransactionService.java
2026.05.16 22:17:49 INFO  no build target found for D:\Bussines\Assignments\BSReddy\Documents-main\Documents-main\team3di-springbootbackendtest_v2\team3di-springbootbackendtest_v2\src\main\java\com\banking\three_di_testing\services\TransactionService.java. Using fallback presentation compiler.
2026.05.16 22:17:49 INFO  no build target found for D:\Bussines\Assignments\BSReddy\Documents-main\Documents-main\team3di-springbootbackendtest_v2\team3di-springbootbackendtest_v2\src\main\java\com\banking\three_di_testing\services\TransactionService.java. Using fallback presentation compiler.
2026.05.16 22:17:50 INFO  no build target found for D:\Bussines\Assignments\BSReddy\Documents-main\Documents-main\team3di-springbootbackendtest_v2\team3di-springbootbackendtest_v2\src\main\java\com\banking\three_di_testing\controller\AccountRestController.java. Using fallback presentation compiler.
2026.05.16 22:17:50 INFO  no build target found for D:\Bussines\Assignments\BSReddy\Documents-main\Documents-main\team3di-springbootbackendtest_v2\team3di-springbootbackendtest_v2\src\main\java\com\banking\three_di_testing\services\AccountService.java. Using fallback presentation compiler.
2026.05.16 22:17:50 WARN  no build target for: D:\Bussines\Assignments\BSReddy\Documents-main\Documents-main\team3di-springbootbackendtest_v2\team3di-springbootbackendtest_v2\src\main\java\com\banking\three_di_testing\controller\TransactionRestController.java
2026.05.16 22:17:50 INFO  no build target found for D:\Bussines\Assignments\BSReddy\Documents-main\Documents-main\team3di-springbootbackendtest_v2\team3di-springbootbackendtest_v2\src\main\java\com\banking\three_di_testing\controller\TransactionRestController.java. Using fallback presentation compiler.
2026.05.16 22:17:50 INFO  no build target found for D:\Bussines\Assignments\BSReddy\Documents-main\Documents-main\team3di-springbootbackendtest_v2\team3di-springbootbackendtest_v2\src\main\java\com\banking\three_di_testing\controller\TransactionRestController.java. Using fallback presentation compiler.
2026.05.16 22:17:50 WARN  no build target for: D:\Bussines\Assignments\BSReddy\Documents-main\Documents-main\team3di-springbootbackendtest_v2\team3di-springbootbackendtest_v2\src\main\java\com\banking\three_di_testing\services\TransactionService.java
2026.05.16 22:17:50 INFO  no build target found for D:\Bussines\Assignments\BSReddy\Documents-main\Documents-main\team3di-springbootbackendtest_v2\team3di-springbootbackendtest_v2\src\main\java\com\banking\three_di_testing\services\TransactionService.java. Using fallback presentation compiler.
2026.05.16 22:17:50 INFO  no build target found for D:\Bussines\Assignments\BSReddy\Documents-main\Documents-main\team3di-springbootbackendtest_v2\team3di-springbootbackendtest_v2\src\main\java\com\banking\three_di_testing\services\TransactionService.java. Using fallback presentation compiler.
2026.05.16 22:17:50 INFO  no build target found for D:\Bussines\Assignments\BSReddy\Documents-main\Documents-main\team3di-springbootbackendtest_v2\team3di-springbootbackendtest_v2\src\main\java\com\banking\three_di_testing\utils\AccountInput.java. Using fallback presentation compiler.
2026.05.16 22:17:50 INFO  no build target found for D:\Bussines\Assignments\BSReddy\Documents-main\Documents-main\team3di-springbootbackendtest_v2\team3di-springbootbackendtest_v2\src\main\java\com\banking\three_di_testing\utils\InputValidator.java. Using fallback presentation compiler.
2026.05.16 22:17:51 INFO  no build target found for D:\Bussines\Assignments\BSReddy\Documents-main\Documents-main\team3di-springbootbackendtest_v2\team3di-springbootbackendtest_v2\src\main\java\com\banking\three_di_testing\repositories\AccountRepository.java. Using fallback presentation compiler.
2026.05.16 22:17:51 INFO  no build target found for D:\Bussines\Assignments\BSReddy\Documents-main\Documents-main\team3di-springbootbackendtest_v2\team3di-springbootbackendtest_v2\src\main\java\com\banking\three_di_testing\repositories\AccountRepository.java. Using fallback presentation compiler.
2026.05.16 22:17:51 INFO  no build target found for D:\Bussines\Assignments\BSReddy\Documents-main\Documents-main\team3di-springbootbackendtest_v2\team3di-springbootbackendtest_v2\src\main\java\com\banking\three_di_testing\repositories\AccountRepository.java. Using fallback presentation compiler.
2026.05.16 22:17:51 INFO  no build target found for D:\Bussines\Assignments\BSReddy\Documents-main\Documents-main\team3di-springbootbackendtest_v2\team3di-springbootbackendtest_v2\src\main\java\com\banking\three_di_testing\repositories\AccountRepository.java. Using fallback presentation compiler.
2026.05.16 22:17:53 WARN  no build target for: D:\Bussines\Assignments\BSReddy\Documents-main\Documents-main\team3di-springbootbackendtest_v2\team3di-springbootbackendtest_v2\src\main\java\com\banking\three_di_testing\models\Account.java
2026.05.16 22:17:53 INFO  no build target found for D:\Bussines\Assignments\BSReddy\Documents-main\Documents-main\team3di-springbootbackendtest_v2\team3di-springbootbackendtest_v2\src\main\java\com\banking\three_di_testing\models\Account.java. Using fallback presentation compiler.
2026.05.16 22:18:13 INFO  no build target found for D:\Bussines\Assignments\BSReddy\Documents-main\Documents-main\team3di-springbootbackendtest_v2\team3di-springbootbackendtest_v2\src\main\java\com\banking\three_di_testing\controller\AccountRestController.java. Using fallback presentation compiler.
2026.05.16 22:18:13 INFO  no build target found for D:\Bussines\Assignments\BSReddy\Documents-main\Documents-main\team3di-springbootbackendtest_v2\team3di-springbootbackendtest_v2\src\main\java\com\banking\three_di_testing\utils\AccountInput.java. Using fallback presentation compiler.
2026.05.16 22:18:13 INFO  no build target found for D:\Bussines\Assignments\BSReddy\Documents-main\Documents-main\team3di-springbootbackendtest_v2\team3di-springbootbackendtest_v2\src\main\java\com\banking\three_di_testing\utils\InputValidator.java. Using fallback presentation compiler.
2026.05.16 22:18:13 INFO  no build target found for D:\Bussines\Assignments\BSReddy\Documents-main\Documents-main\team3di-springbootbackendtest_v2\team3di-springbootbackendtest_v2\src\main\java\com\banking\three_di_testing\services\AccountService.java. Using fallback presentation compiler.
2026.05.16 22:18:22 INFO  no build target found for D:\Bussines\Assignments\BSReddy\Documents-main\Documents-main\team3di-springbootbackendtest_v2\team3di-springbootbackendtest_v2\src\main\java\com\banking\three_di_testing\repositories\AccountRepository.java. Using fallback presentation compiler.
2026.05.16 22:36:53 WARN  no build target for: D:\Bussines\Assignments\BSReddy\Documents-main\Documents-main\team3di-springbootbackendtest_v2\team3di-springbootbackendtest_v2\src\test\java\com\banking\three_di_testing\ThreeDiTestingApplicationTests.java
2026.05.16 22:37:51 WARN  no build target for: D:\Bussines\Assignments\BSReddy\Documents-main\Documents-main\team3di-springbootbackendtest_v2\team3di-springbootbackendtest_v2\src\main\java\com\banking\three_di_testing\utils\AllTransactionsInput.java
2026.05.16 22:37:51 INFO  no build target found for D:\Bussines\Assignments\BSReddy\Documents-main\Documents-main\team3di-springbootbackendtest_v2\team3di-springbootbackendtest_v2\src\main\java\com\banking\three_di_testing\utils\AllTransactionsInput.java. Using fallback presentation compiler.
2026.05.16 22:37:51 WARN  no build target for: D:\Bussines\Assignments\BSReddy\Documents-main\Documents-main\team3di-springbootbackendtest_v2\team3di-springbootbackendtest_v2\src\main\java\com\banking\three_di_testing\utils\AllTransactionsInput.java
2026.05.16 22:38:23 WARN  no build target for: D:\Bussines\Assignments\BSReddy\Documents-main\Documents-main\team3di-springbootbackendtest_v2\team3di-springbootbackendtest_v2\src\main\java\com\banking\three_di_testing\repositories\TransactionRepository.java
2026.05.16 22:38:23 WARN  no build target for: D:\Bussines\Assignments\BSReddy\Documents-main\Documents-main\team3di-springbootbackendtest_v2\team3di-springbootbackendtest_v2\src\main\java\com\banking\three_di_testing\services\TransactionService.java
2026.05.16 22:38:23 WARN  no build target for: D:\Bussines\Assignments\BSReddy\Documents-main\Documents-main\team3di-springbootbackendtest_v2\team3di-springbootbackendtest_v2\src\main\java\com\banking\three_di_testing\services\AccountService.java
2026.05.16 22:38:23 INFO  no build target found for D:\Bussines\Assignments\BSReddy\Documents-main\Documents-main\team3di-springbootbackendtest_v2\team3di-springbootbackendtest_v2\src\main\java\com\banking\three_di_testing\repositories\TransactionRepository.java. Using fallback presentation compiler.
2026.05.16 22:38:23 INFO  no build target found for D:\Bussines\Assignments\BSReddy\Documents-main\Documents-main\team3di-springbootbackendtest_v2\team3di-springbootbackendtest_v2\src\main\java\com\banking\three_di_testing\services\TransactionService.java. Using fallback presentation compiler.
2026.05.16 22:38:23 INFO  no build target found for D:\Bussines\Assignments\BSReddy\Documents-main\Documents-main\team3di-springbootbackendtest_v2\team3di-springbootbackendtest_v2\src\main\java\com\banking\three_di_testing\services\AccountService.java. Using fallback presentation compiler.
2026.05.16 22:38:23 WARN  no build target for: D:\Bussines\Assignments\BSReddy\Documents-main\Documents-main\team3di-springbootbackendtest_v2\team3di-springbootbackendtest_v2\src\main\java\com\banking\three_di_testing\repositories\TransactionRepository.java
2026.05.16 22:38:23 WARN  no build target for: D:\Bussines\Assignments\BSReddy\Documents-main\Documents-main\team3di-springbootbackendtest_v2\team3di-springbootbackendtest_v2\src\main\java\com\banking\three_di_testing\services\TransactionService.java
2026.05.16 22:38:23 WARN  no build target for: D:\Bussines\Assignments\BSReddy\Documents-main\Documents-main\team3di-springbootbackendtest_v2\team3di-springbootbackendtest_v2\src\main\java\com\banking\three_di_testing\services\AccountService.java
2026.05.16 22:38:32 WARN  no build target for: D:\Bussines\Assignments\BSReddy\Documents-main\Documents-main\team3di-springbootbackendtest_v2\team3di-springbootbackendtest_v2\src\main\java\com\banking\three_di_testing\controller\TransactionRestController.java
2026.05.16 22:38:45 WARN  no build target for: D:\Bussines\Assignments\BSReddy\Documents-main\Documents-main\team3di-springbootbackendtest_v2\team3di-springbootbackendtest_v2\src\main\java\com\banking\three_di_testing\utils\AllTransactionsInput.java
2026.05.16 22:38:46 WARN  no build target for: D:\Bussines\Assignments\BSReddy\Documents-main\Documents-main\team3di-springbootbackendtest_v2\team3di-springbootbackendtest_v2\src\main\java\com\banking\three_di_testing\repositories\TransactionRepository.java
2026.05.16 22:38:46 WARN  no build target for: D:\Bussines\Assignments\BSReddy\Documents-main\Documents-main\team3di-springbootbackendtest_v2\team3di-springbootbackendtest_v2\src\main\java\com\banking\three_di_testing\services\TransactionService.java
2026.05.16 22:38:46 WARN  no build target for: D:\Bussines\Assignments\BSReddy\Documents-main\Documents-main\team3di-springbootbackendtest_v2\team3di-springbootbackendtest_v2\src\main\java\com\banking\three_di_testing\services\AccountService.java
2026.05.16 22:38:52 INFO  no build target found for D:\Bussines\Assignments\BSReddy\Documents-main\Documents-main\team3di-springbootbackendtest_v2\team3di-springbootbackendtest_v2\src\main\java\com\banking\three_di_testing\controller\TransactionRestController.java. Using fallback presentation compiler.
2026.05.16 22:38:52 WARN  no build target for: D:\Bussines\Assignments\BSReddy\Documents-main\Documents-main\team3di-springbootbackendtest_v2\team3di-springbootbackendtest_v2\src\main\java\com\banking\three_di_testing\controller\TransactionRestController.java
2026.05.16 22:39:53 INFO  no build target found for D:\Bussines\Assignments\BSReddy\Documents-main\Documents-main\team3di-springbootbackendtest_v2\team3di-springbootbackendtest_v2\src\test\java\com\banking\three_di_testing\ThreeDiTestingApplicationTests.java. Using fallback presentation compiler.
2026.05.16 22:40:07 WARN  no build target for: D:\Bussines\Assignments\BSReddy\Documents-main\Documents-main\team3di-springbootbackendtest_v2\team3di-springbootbackendtest_v2\src\test\java\com\banking\three_di_testing\TransactionDateRangeTest.java
2026.05.16 22:40:07 WARN  Running javac-semanticdb failed for file:///D:/Bussines/Assignments/BSReddy/Documents-main/Documents-main/team3di-springbootbackendtest_v2/team3di-springbootbackendtest_v2/src/test/java/com/banking/three_di_testing/TransactionDateRangeTest.java. Output:

2026.05.16 22:40:07 INFO  no build target found for D:\Bussines\Assignments\BSReddy\Documents-main\Documents-main\team3di-springbootbackendtest_v2\team3di-springbootbackendtest_v2\src\test\java\com\banking\three_di_testing\TransactionDateRangeTest.java. Using fallback presentation compiler.
2026.05.16 22:40:07 WARN  no build target for: D:\Bussines\Assignments\BSReddy\Documents-main\Documents-main\team3di-springbootbackendtest_v2\team3di-springbootbackendtest_v2\src\test\java\com\banking\three_di_testing\TransactionDateRangeTest.java
2026.05.16 22:40:25 WARN  no build target for: D:\Bussines\Assignments\BSReddy\Documents-main\Documents-main\team3di-springbootbackendtest_v2\team3di-springbootbackendtest_v2\src\main\java\com\banking\three_di_testing\models\Account.java
2026.05.16 22:40:25 INFO  no build target found for D:\Bussines\Assignments\BSReddy\Documents-main\Documents-main\team3di-springbootbackendtest_v2\team3di-springbootbackendtest_v2\src\main\java\com\banking\three_di_testing\models\Account.java. Using fallback presentation compiler.
2026.05.16 22:40:25 INFO  no build target found for D:\Bussines\Assignments\BSReddy\Documents-main\Documents-main\team3di-springbootbackendtest_v2\team3di-springbootbackendtest_v2\src\main\java\com\banking\three_di_testing\models\Account.java. Using fallback presentation compiler.
2026.05.16 22:40:25 WARN  no build target for: D:\Bussines\Assignments\BSReddy\Documents-main\Documents-main\team3di-springbootbackendtest_v2\team3di-springbootbackendtest_v2\src\main\java\com\banking\three_di_testing\models\Account.java
2026.05.16 22:40:32 INFO  no build target found for D:\Bussines\Assignments\BSReddy\Documents-main\Documents-main\team3di-springbootbackendtest_v2\team3di-springbootbackendtest_v2\src\main\java\com\banking\three_di_testing\models\Account.java. Using fallback presentation compiler.
2026.05.16 22:40:51 WARN  no build target for: D:\Bussines\Assignments\BSReddy\Documents-main\Documents-main\team3di-springbootbackendtest_v2\team3di-springbootbackendtest_v2\src\main\java\com\banking\three_di_testing\constants\constants.java
2026.05.16 22:41:00 INFO  no build target found for D:\Bussines\Assignments\BSReddy\Documents-main\Documents-main\team3di-springbootbackendtest_v2\team3di-springbootbackendtest_v2\src\main\java\com\banking\three_di_testing\constants\constants.java. Using fallback presentation compiler.
2026.05.16 22:41:00 INFO  no build target found for D:\Bussines\Assignments\BSReddy\Documents-main\Documents-main\team3di-springbootbackendtest_v2\team3di-springbootbackendtest_v2\src\main\java\com\banking\three_di_testing\constants\constants.java. Using fallback presentation compiler.
2026.05.16 22:41:00 INFO  no build target found for D:\Bussines\Assignments\BSReddy\Documents-main\Documents-main\team3di-springbootbackendtest_v2\team3di-springbootbackendtest_v2\src\main\java\com\banking\three_di_testing\constants\constants.java. Using fallback presentation compiler.
2026.05.16 22:41:00 INFO  no build target found for D:\Bussines\Assignments\BSReddy\Documents-main\Documents-main\team3di-springbootbackendtest_v2\team3di-springbootbackendtest_v2\src\main\java\com\banking\three_di_testing\controller\TransactionRestController.java. Using fallback presentation compiler.
2026.05.16 22:41:00 INFO  no build target found for D:\Bussines\Assignments\BSReddy\Documents-main\Documents-main\team3di-springbootbackendtest_v2\team3di-springbootbackendtest_v2\src\main\java\com\banking\three_di_testing\controller\TransactionRestController.java. Using fallback presentation compiler.
2026.05.16 22:41:00 WARN  no build target for: D:\Bussines\Assignments\BSReddy\Documents-main\Documents-main\team3di-springbootbackendtest_v2\team3di-springbootbackendtest_v2\src\main\java\com\banking\three_di_testing\models\Transaction.java
2026.05.16 22:41:00 WARN  no build target for: D:\Bussines\Assignments\BSReddy\Documents-main\Documents-main\team3di-springbootbackendtest_v2\team3di-springbootbackendtest_v2\src\main\java\com\banking\three_di_testing\controller\AccountRestController.java
2026.05.16 22:41:00 WARN  no build target for: D:\Bussines\Assignments\BSReddy\Documents-main\Documents-main\team3di-springbootbackendtest_v2\team3di-springbootbackendtest_v2\src\main\java\com\banking\three_di_testing\utils\AccountInput.java
2026.05.16 22:41:00 WARN  no build target for: D:\Bussines\Assignments\BSReddy\Documents-main\Documents-main\team3di-springbootbackendtest_v2\team3di-springbootbackendtest_v2\src\main\java\com\banking\three_di_testing\utils\InputValidator.java
2026.05.16 22:41:00 WARN  no build target for: D:\Bussines\Assignments\BSReddy\Documents-main\Documents-main\team3di-springbootbackendtest_v2\team3di-springbootbackendtest_v2\src\main\java\com\banking\three_di_testing\repositories\AccountRepository.java
2026.05.16 22:41:01 INFO  no build target found for D:\Bussines\Assignments\BSReddy\Documents-main\Documents-main\team3di-springbootbackendtest_v2\team3di-springbootbackendtest_v2\src\main\java\com\banking\three_di_testing\controller\AccountRestController.java. Using fallback presentation compiler.
2026.05.16 22:41:00 INFO  no build target found for D:\Bussines\Assignments\BSReddy\Documents-main\Documents-main\team3di-springbootbackendtest_v2\team3di-springbootbackendtest_v2\src\main\java\com\banking\three_di_testing\services\TransactionService.java. Using fallback presentation compiler.
2026.05.16 22:41:01 INFO  no build target found for D:\Bussines\Assignments\BSReddy\Documents-main\Documents-main\team3di-springbootbackendtest_v2\team3di-springbootbackendtest_v2\src\main\java\com\banking\three_di_testing\services\TransactionService.java. Using fallback presentation compiler.
2026.05.16 22:41:00 INFO  no build target found for D:\Bussines\Assignments\BSReddy\Documents-main\Documents-main\team3di-springbootbackendtest_v2\team3di-springbootbackendtest_v2\src\main\java\com\banking\three_di_testing\controller\AccountRestController.java. Using fallback presentation compiler.
2026.05.16 22:41:01 INFO  no build target found for D:\Bussines\Assignments\BSReddy\Documents-main\Documents-main\team3di-springbootbackendtest_v2\team3di-springbootbackendtest_v2\src\main\java\com\banking\three_di_testing\utils\InputValidator.java. Using fallback presentation compiler.
2026.05.16 22:41:01 INFO  no build target found for D:\Bussines\Assignments\BSReddy\Documents-main\Documents-main\team3di-springbootbackendtest_v2\team3di-springbootbackendtest_v2\src\main\java\com\banking\three_di_testing\utils\InputValidator.java. Using fallback presentation compiler.
2026.05.16 22:41:14 WARN  no build target for: D:\Bussines\Assignments\BSReddy\Documents-main\Documents-main\team3di-springbootbackendtest_v2\team3di-springbootbackendtest_v2\src\test\java\com\banking\three_di_testing\TransactionDateRangeTest.java
2026.05.16 22:41:14 WARN  no build target for: D:\Bussines\Assignments\BSReddy\Documents-main\Documents-main\team3di-springbootbackendtest_v2\team3di-springbootbackendtest_v2\src\main\java\com\banking\three_di_testing\controller\TransactionRestController.java
2026.05.16 22:41:14 INFO  no build target found for D:\Bussines\Assignments\BSReddy\Documents-main\Documents-main\team3di-springbootbackendtest_v2\team3di-springbootbackendtest_v2\src\main\java\com\banking\three_di_testing\controller\TransactionRestController.java. Using fallback presentation compiler.
2026.05.16 22:41:15 INFO  no build target found for D:\Bussines\Assignments\BSReddy\Documents-main\Documents-main\team3di-springbootbackendtest_v2\team3di-springbootbackendtest_v2\src\main\java\com\banking\three_di_testing\controller\TransactionRestController.java. Using fallback presentation compiler.
2026.05.16 22:41:15 INFO  no build target found for D:\Bussines\Assignments\BSReddy\Documents-main\Documents-main\team3di-springbootbackendtest_v2\team3di-springbootbackendtest_v2\src\main\java\com\banking\three_di_testing\controller\TransactionRestController.java. Using fallback presentation compiler.
2026.05.16 22:41:15 INFO  Created report: Optional[file:///D:/Bussines/Assignments/BSReddy/Documents-main/Documents-main/team3di-springbootbackendtest_v2/team3di-springbootbackendtest_v2/src/main/java/com/banking/three_di_testing/controller/TransactionRestController.java]
2026.05.16 22:41:15 INFO  Created report: Optional[file:///D:/Bussines/Assignments/BSReddy/Documents-main/Documents-main/team3di-springbootbackendtest_v2/team3di-springbootbackendtest_v2/src/main/java/com/banking/three_di_testing/controller/TransactionRestController.java]
2026.05.16 22:41:15 INFO  empty definition using pc, found symbol in pc: com/banking/three_di_testing/services/AccountService# (full report at: "D:\Bussines\Assignments\BSReddy\Documents-main\Documents-main\.metals\.reports\metals-full\2026-05-16\r_empty-definition_22-41-15-717.md")
2026.05.16 22:41:15 INFO  empty definition using pc, found symbol in pc: java/util/List# (full report at: "D:\Bussines\Assignments\BSReddy\Documents-main\Documents-main\.metals\.reports\metals-full\2026-05-16\r_empty-definition_22-41-15-716.md")
2026.05.16 22:41:14 INFO  Created report: Optional[file:///D:/Bussines/Assignments/BSReddy/Documents-main/Documents-main/team3di-springbootbackendtest_v2/team3di-springbootbackendtest_v2/src/main/java/com/banking/three_di_testing/controller/TransactionRestController.java]
2026.05.16 22:41:14 INFO  empty definition using pc, found symbol in pc: com/banking/three_di_testing/models/Transaction# (full report at: "D:\Bussines\Assignments\BSReddy\Documents-main\Documents-main\.metals\.reports\metals-full\2026-05-16\r_empty-definition_22-41-15-719.md")
2026.05.16 22:41:21 INFO  no build target found for D:\Bussines\Assignments\BSReddy\Documents-main\Documents-main\team3di-springbootbackendtest_v2\team3di-springbootbackendtest_v2\src\main\java\com\banking\three_di_testing\controller\TransactionRestController.java. Using fallback presentation compiler.
2026.05.16 22:41:21 INFO  no build target found for D:\Bussines\Assignments\BSReddy\Documents-main\Documents-main\team3di-springbootbackendtest_v2\team3di-springbootbackendtest_v2\src\main\java\com\banking\three_di_testing\controller\TransactionRestController.java. Using fallback presentation compiler.
2026.05.16 22:41:21 INFO  no build target found for D:\Bussines\Assignments\BSReddy\Documents-main\Documents-main\team3di-springbootbackendtest_v2\team3di-springbootbackendtest_v2\src\main\java\com\banking\three_di_testing\controller\TransactionRestController.java. Using fallback presentation compiler.
2026.05.16 22:41:21 INFO  empty definition using pc, found symbol in pc: com/banking/three_di_testing/services/AccountService# (full report at: "D:\Bussines\Assignments\BSReddy\Documents-main\Documents-main\.metals\.reports\metals-full\2026-05-16\r_empty-definition_22-41-15-717.md")
2026.05.16 22:41:21 INFO  empty definition using pc, found symbol in pc: com/banking/three_di_testing/models/Transaction# (full report at: "D:\Bussines\Assignments\BSReddy\Documents-main\Documents-main\.metals\.reports\metals-full\2026-05-16\r_empty-definition_22-41-15-719.md")
2026.05.16 22:41:21 INFO  empty definition using pc, found symbol in pc: java/util/List# (full report at: "D:\Bussines\Assignments\BSReddy\Documents-main\Documents-main\.metals\.reports\metals-full\2026-05-16\r_empty-definition_22-41-15-716.md")
2026.05.16 22:41:21 INFO  no build target found for D:\Bussines\Assignments\BSReddy\Documents-main\Documents-main\team3di-springbootbackendtest_v2\team3di-springbootbackendtest_v2\src\main\java\com\banking\three_di_testing\controller\TransactionRestController.java. Using fallback presentation compiler.
2026.05.16 22:41:21 INFO  no build target found for D:\Bussines\Assignments\BSReddy\Documents-main\Documents-main\team3di-springbootbackendtest_v2\team3di-springbootbackendtest_v2\src\main\java\com\banking\three_di_testing\controller\TransactionRestController.java. Using fallback presentation compiler.
2026.05.16 22:41:21 INFO  Created report: Optional[file:///D:/Bussines/Assignments/BSReddy/Documents-main/Documents-main/team3di-springbootbackendtest_v2/team3di-springbootbackendtest_v2/src/main/java/com/banking/three_di_testing/controller/TransactionRestController.java]
2026.05.16 22:41:21 INFO  empty definition using pc, found symbol in pc: _empty_/AccountService#findTransactionsByDateRange# (full report at: "D:\Bussines\Assignments\BSReddy\Documents-main\Documents-main\.metals\.reports\metals-full\2026-05-16\r_empty-definition_22-41-22-822.md")
2026.05.16 22:41:21 INFO  Created report: Optional[file:///D:/Bussines/Assignments/BSReddy/Documents-main/Documents-main/team3di-springbootbackendtest_v2/team3di-springbootbackendtest_v2/src/main/java/com/banking/three_di_testing/controller/TransactionRestController.java]
2026.05.16 22:41:21 INFO  empty definition using pc, found symbol in pc: _empty_/AccountService#findTransactionsBySourceCodeAndAccountNumber# (full report at: "D:\Bussines\Assignments\BSReddy\Documents-main\Documents-main\.metals\.reports\metals-full\2026-05-16\r_empty-definition_22-41-22-833.md")
2026.05.16 22:41:34 INFO  no build target found for D:\Bussines\Assignments\BSReddy\Documents-main\Documents-main\team3di-springbootbackendtest_v2\team3di-springbootbackendtest_v2\src\main\java\com\banking\three_di_testing\controller\TransactionRestController.java. Using fallback presentation compiler.
2026.05.16 22:41:34 INFO  no build target found for D:\Bussines\Assignments\BSReddy\Documents-main\Documents-main\team3di-springbootbackendtest_v2\team3di-springbootbackendtest_v2\src\main\java\com\banking\three_di_testing\controller\TransactionRestController.java. Using fallback presentation compiler.
2026.05.16 22:41:34 INFO  no build target found for D:\Bussines\Assignments\BSReddy\Documents-main\Documents-main\team3di-springbootbackendtest_v2\team3di-springbootbackendtest_v2\src\main\java\com\banking\three_di_testing\controller\TransactionRestController.java. Using fallback presentation compiler.
2026.05.16 22:41:34 INFO  no build target found for D:\Bussines\Assignments\BSReddy\Documents-main\Documents-main\team3di-springbootbackendtest_v2\team3di-springbootbackendtest_v2\src\main\java\com\banking\three_di_testing\models\Account.java. Using fallback presentation compiler.
2026.05.16 22:41:34 INFO  no build target found for D:\Bussines\Assignments\BSReddy\Documents-main\Documents-main\team3di-springbootbackendtest_v2\team3di-springbootbackendtest_v2\src\main\java\com\banking\three_di_testing\controller\TransactionRestController.java. Using fallback presentation compiler.
2026.05.16 22:41:34 INFO  empty definition using pc, found symbol in pc: com/banking/three_di_testing/services/AccountService# (full report at: "D:\Bussines\Assignments\BSReddy\Documents-main\Documents-main\.metals\.reports\metals-full\2026-05-16\r_empty-definition_22-41-15-717.md")
2026.05.16 22:41:34 INFO  empty definition using pc, found symbol in pc: com/banking/three_di_testing/models/Transaction# (full report at: "D:\Bussines\Assignments\BSReddy\Documents-main\Documents-main\.metals\.reports\metals-full\2026-05-16\r_empty-definition_22-41-15-719.md")
2026.05.16 22:41:34 INFO  empty definition using pc, found symbol in pc: java/util/List# (full report at: "D:\Bussines\Assignments\BSReddy\Documents-main\Documents-main\.metals\.reports\metals-full\2026-05-16\r_empty-definition_22-41-15-716.md")
2026.05.16 22:41:34 INFO  empty definition using pc, found symbol in pc: java/util/List# (full report at: "D:\Bussines\Assignments\BSReddy\Documents-main\Documents-main\.metals\.reports\metals-full\2026-05-16\r_empty-definition_22-41-15-716.md")
2026.05.16 22:41:34 INFO  no build target found for /java.base/java/util/List.java. Using fallback presentation compiler.
2026.05.16 22:41:39 INFO  no build target found for D:\Bussines\Assignments\BSReddy\Documents-main\Documents-main\team3di-springbootbackendtest_v2\team3di-springbootbackendtest_v2\src\main\java\com\banking\three_di_testing\controller\TransactionRestController.java. Using fallback presentation compiler.
2026.05.16 22:41:39 INFO  Created report: Optional[file:///D:/Bussines/Assignments/BSReddy/Documents-main/Documents-main/team3di-springbootbackendtest_v2/team3di-springbootbackendtest_v2/src/main/java/com/banking/three_di_testing/controller/TransactionRestController.java]
2026.05.16 22:41:39 INFO  empty definition using pc, found symbol in pc: com/banking/three_di_testing/models/Account# (full report at: "D:\Bussines\Assignments\BSReddy\Documents-main\Documents-main\.metals\.reports\metals-full\2026-05-16\r_empty-definition_22-41-39-886.md")
2026.05.16 22:41:40 INFO  no build target found for D:\Bussines\Assignments\BSReddy\Documents-main\Documents-main\team3di-springbootbackendtest_v2\team3di-springbootbackendtest_v2\src\main\java\com\banking\three_di_testing\services\AccountService.java. Using fallback presentation compiler.
2026.05.16 22:41:40 INFO  no build target found for D:\Bussines\Assignments\BSReddy\Documents-main\Documents-main\team3di-springbootbackendtest_v2\team3di-springbootbackendtest_v2\src\main\java\com\banking\three_di_testing\controller\TransactionRestController.java. Using fallback presentation compiler.
2026.05.16 22:41:40 WARN  no build target for: D:\Bussines\Assignments\BSReddy\Documents-main\Documents-main\team3di-springbootbackendtest_v2\team3di-springbootbackendtest_v2\src\main\java\com\banking\three_di_testing\services\AccountService.java
2026.05.16 22:41:40 WARN  no build target for: D:\Bussines\Assignments\BSReddy\Documents-main\Documents-main\team3di-springbootbackendtest_v2\team3di-springbootbackendtest_v2\src\main\java\com\banking\three_di_testing\controller\TransactionRestController.java
2026.05.16 22:41:54 INFO  no build target found for D:\Bussines\Assignments\BSReddy\Documents-main\Documents-main\team3di-springbootbackendtest_v2\team3di-springbootbackendtest_v2\src\main\java\com\banking\three_di_testing\services\TransactionService.java. Using fallback presentation compiler.
2026.05.16 22:41:54 INFO  no build target found for D:\Bussines\Assignments\BSReddy\Documents-main\Documents-main\team3di-springbootbackendtest_v2\team3di-springbootbackendtest_v2\src\main\java\com\banking\three_di_testing\services\TransactionService.java. Using fallback presentation compiler.
2026.05.16 22:41:54 INFO  no build target found for D:\Bussines\Assignments\BSReddy\Documents-main\Documents-main\team3di-springbootbackendtest_v2\team3di-springbootbackendtest_v2\src\main\java\com\banking\three_di_testing\models\Account.java. Using fallback presentation compiler.
2026.05.16 22:41:54 INFO  empty definition using pc, found symbol in pc: com/banking/three_di_testing/models/Transaction# (full report at: "D:\Bussines\Assignments\BSReddy\Documents-main\Documents-main\.metals\.reports\metals-full\2026-05-16\r_empty-definition_22-41-54-319.md")
2026.05.16 22:41:54 INFO  Created report: Optional[file:///D:/Bussines/Assignments/BSReddy/Documents-main/Documents-main/team3di-springbootbackendtest_v2/team3di-springbootbackendtest_v2/src/main/java/com/banking/three_di_testing/services/TransactionService.java]
2026.05.16 22:41:54 INFO  empty definition using pc, found symbol in pc: com/banking/three_di_testing/models/Transaction# (full report at: "D:\Bussines\Assignments\BSReddy\Documents-main\Documents-main\.metals\.reports\metals-full\2026-05-16\r_empty-definition_22-41-54-319.md")
2026.05.16 22:41:54 INFO  Created report: Optional[file:///D:/Bussines/Assignments/BSReddy/Documents-main/Documents-main/team3di-springbootbackendtest_v2/team3di-springbootbackendtest_v2/src/main/java/com/banking/three_di_testing/models/Account.java]
2026.05.16 22:41:54 INFO  empty definition using pc, found symbol in pc: java/util/List# (full report at: "D:\Bussines\Assignments\BSReddy\Documents-main\Documents-main\.metals\.reports\metals-full\2026-05-16\r_empty-definition_22-41-54-349.md")
2026.05.16 22:41:56 INFO  no build target found for D:\Bussines\Assignments\BSReddy\Documents-main\Documents-main\team3di-springbootbackendtest_v2\team3di-springbootbackendtest_v2\src\main\java\com\banking\three_di_testing\constants\constants.java. Using fallback presentation compiler.
2026.05.16 22:41:56 INFO  Created report: Optional[file:///D:/Bussines/Assignments/BSReddy/Documents-main/Documents-main/team3di-springbootbackendtest_v2/team3di-springbootbackendtest_v2/src/main/java/com/banking/three_di_testing/constants/constants.java]
2026.05.16 22:41:56 INFO  empty definition using pc, found symbol in pc: java/util/regex/Pattern#compile(). (full report at: "D:\Bussines\Assignments\BSReddy\Documents-main\Documents-main\.metals\.reports\metals-full\2026-05-16\r_empty-definition_22-41-56-016.md")
2026.05.16 22:41:56 INFO  no build target found for /java.base/java/util/regex/Pattern.java. Using fallback presentation compiler.
2026.05.16 22:42:07 WARN  no build target for: D:\Bussines\Assignments\BSReddy\Documents-main\Documents-main\team3di-springbootbackendtest_v2\team3di-springbootbackendtest_v2\src\main\java\com\banking\three_di_testing\services\AccountService.java
2026.05.16 22:42:07 WARN  no build target for: D:\Bussines\Assignments\BSReddy\Documents-main\Documents-main\team3di-springbootbackendtest_v2\team3di-springbootbackendtest_v2\src\main\java\com\banking\three_di_testing\controller\TransactionRestController.java
2026.05.16 22:43:25 INFO  no build target found for D:\Bussines\Assignments\BSReddy\Documents-main\Documents-main\team3di-springbootbackendtest_v2\team3di-springbootbackendtest_v2\src\main\java\com\banking\three_di_testing\models\Account.java. Using fallback presentation compiler.
2026.05.16 22:43:51 INFO  no build target found for D:\Bussines\Assignments\BSReddy\Documents-main\Documents-main\team3di-springbootbackendtest_v2\team3di-springbootbackendtest_v2\src\main\java\com\banking\three_di_testing\constants\constants.java. Using fallback presentation compiler.
2026.05.16 22:44:00 INFO  no build target found for D:\Bussines\Assignments\BSReddy\Documents-main\Documents-main\team3di-springbootbackendtest_v2\team3di-springbootbackendtest_v2\src\main\java\com\banking\three_di_testing\models\Transaction.java. Using fallback presentation compiler.
2026.05.16 22:44:00 INFO  no build target found for D:\Bussines\Assignments\BSReddy\Documents-main\Documents-main\team3di-springbootbackendtest_v2\team3di-springbootbackendtest_v2\src\main\java\com\banking\three_di_testing\controller\AccountRestController.java. Using fallback presentation compiler.
2026.05.16 22:44:00 INFO  no build target found for D:\Bussines\Assignments\BSReddy\Documents-main\Documents-main\team3di-springbootbackendtest_v2\team3di-springbootbackendtest_v2\src\main\java\com\banking\three_di_testing\utils\AccountInput.java. Using fallback presentation compiler.
2026.05.16 22:44:00 INFO  no build target found for D:\Bussines\Assignments\BSReddy\Documents-main\Documents-main\team3di-springbootbackendtest_v2\team3di-springbootbackendtest_v2\src\main\java\com\banking\three_di_testing\utils\InputValidator.java. Using fallback presentation compiler.
2026.05.16 22:44:00 INFO  no build target found for D:\Bussines\Assignments\BSReddy\Documents-main\Documents-main\team3di-springbootbackendtest_v2\team3di-springbootbackendtest_v2\src\main\java\com\banking\three_di_testing\repositories\AccountRepository.java. Using fallback presentation compiler.
May 17, 2026 12:13:41 AM org.eclipse.lsp4j.jsonrpc.services.GenericEndpoint notify
INFO: Unsupported notification method: $/setTrace
2026.05.17 00:38:21 INFO  no build target found for D:\Bussines\Assignments\BSReddy\Documents-main\Documents-main\team3di-springbootbackendtest_v2\team3di-springbootbackendtest_v2\src\main\java\com\banking\three_di_testing\controller\TransactionRestController.java. Using fallback presentation compiler.
2026.05.17 00:38:23 INFO  no build target found for D:\Bussines\Assignments\BSReddy\Documents-main\Documents-main\team3di-springbootbackendtest_v2\team3di-springbootbackendtest_v2\src\main\java\com\banking\three_di_testing\controller\TransactionRestController.java. Using fallback presentation compiler.
2026.05.17 00:38:23 INFO  no build target found for D:\Bussines\Assignments\BSReddy\Documents-main\Documents-main\team3di-springbootbackendtest_v2\team3di-springbootbackendtest_v2\src\main\java\com\banking\three_di_testing\utils\AllTransactionsInput.java. Using fallback presentation compiler.
2026.05.17 00:38:25 INFO  no build target found for D:\Bussines\Assignments\BSReddy\Documents-main\Documents-main\team3di-springbootbackendtest_v2\team3di-springbootbackendtest_v2\src\main\java\com\banking\three_di_testing\controller\TransactionRestController.java. Using fallback presentation compiler.
2026.05.17 00:38:25 INFO  no build target found for D:\Bussines\Assignments\BSReddy\Documents-main\Documents-main\team3di-springbootbackendtest_v2\team3di-springbootbackendtest_v2\src\main\java\com\banking\three_di_testing\controller\TransactionRestController.java. Using fallback presentation compiler.
2026.05.17 00:38:25 INFO  no build target found for D:\Bussines\Assignments\BSReddy\Documents-main\Documents-main\team3di-springbootbackendtest_v2\team3di-springbootbackendtest_v2\src\main\java\com\banking\three_di_testing\services\TransactionService.java. Using fallback presentation compiler.
2026.05.17 00:38:25 INFO  no build target found for D:\Bussines\Assignments\BSReddy\Documents-main\Documents-main\team3di-springbootbackendtest_v2\team3di-springbootbackendtest_v2\src\main\java\com\banking\three_di_testing\controller\TransactionRestController.java. Using fallback presentation compiler.
2026.05.17 00:38:25 INFO  no build target found for D:\Bussines\Assignments\BSReddy\Documents-main\Documents-main\team3di-springbootbackendtest_v2\team3di-springbootbackendtest_v2\src\main\java\com\banking\three_di_testing\repositories\TransactionRepository.java. Using fallback presentation compiler.
2026.05.17 00:38:25 INFO  no build target found for D:\Bussines\Assignments\BSReddy\Documents-main\Documents-main\team3di-springbootbackendtest_v2\team3di-springbootbackendtest_v2\src\main\java\com\banking\three_di_testing\repositories\TransactionRepository.java. Using fallback presentation compiler.
2026.05.17 00:38:25 INFO  empty definition using pc, found symbol in pc: _empty_/AccountService#findTransactionsByDateRange# (full report at: "D:\Bussines\Assignments\BSReddy\Documents-main\Documents-main\.metals\.reports\metals-full\2026-05-16\r_empty-definition_22-41-22-822.md")
2026.05.17 00:38:25 INFO  empty definition using pc, found symbol in pc: com/banking/three_di_testing/services/AccountService# (full report at: "D:\Bussines\Assignments\BSReddy\Documents-main\Documents-main\.metals\.reports\metals-full\2026-05-16\r_empty-definition_22-41-15-717.md")
2026.05.17 00:38:25 INFO  empty definition using pc, found symbol in pc: com/banking/three_di_testing/services/TransactionService# (full report at: "D:\Bussines\Assignments\BSReddy\Documents-main\Documents-main\.metals\.reports\metals-full\2026-05-16\r_empty-definition_22-17-49-199.md")
2026.05.17 00:38:29 INFO  no build target found for D:\Bussines\Assignments\BSReddy\Documents-main\Documents-main\team3di-springbootbackendtest_v2\team3di-springbootbackendtest_v2\src\test\java\com\banking\three_di_testing\TransactionDateRangeTest.java. Using fallback presentation compiler.
